<?xml version="1.0" encoding="UTF-8"?>
<!-- Generated by org.testng.reporters.JUnitReportReporter -->
<testsuite hostname="NAG1-LHP-N07423" failures="0" tests="1" name="com.qa.studentApiTest.GetAPITests" time="1.515" errors="0" timestamp="2021-05-23T16:29:57 IST" skipped="0">
  <testcase classname="com.qa.studentApiTest.GetAPITests" name="getAPITests" time="1.515"/>
  <system-out/>
</testsuite> <!-- com.qa.studentApiTest.GetAPITests -->
