<?xml version="1.0" encoding="UTF-8"?>
<!-- Generated by org.testng.reporters.JUnitReportReporter -->
<testsuite hostname="NAG1-LHP-N07423" failures="0" tests="1" name="com.qa.functional.GetRequest" time="3.542" errors="0" timestamp="2021-05-17T22:20:10 IST" skipped="0">
  <testcase classname="com.qa.functional.GetRequest" name="testGetRequest" time="3.542"/>
  <system-out/>
</testsuite> <!-- com.qa.functional.GetRequest -->
